<?xml version="1.0" encoding="UTF-8"?>
<testng-results ignored="0" total="1" passed="1" failed="0" skipped="0">
  <reporter-output>
  </reporter-output>
  <suite started-at="2024-12-30T00:16:13 IST" name="Suite" finished-at="2024-12-30T00:17:48 IST" duration-ms="94862">
    <groups>
    </groups>
    <test started-at="2024-12-30T00:16:13 IST" name="Test" finished-at="2024-12-30T00:17:48 IST" duration-ms="94862">
      <class name="ElPais.Assignment.scrapeArticles">
        <test-method is-config="true" signature="lauchApplication()[pri:0, instance:ElPais.Assignment.scrapeArticles@61a88b8c]" started-at="2024-12-30T00:16:13 IST" name="lauchApplication" finished-at="2024-12-30T00:17:41 IST" duration-ms="87825" status="PASS">
          <reporter-output>
          </reporter-output>
        </test-method> <!-- lauchApplication -->
        <test-method signature="articles()[pri:0, instance:ElPais.Assignment.scrapeArticles@61a88b8c]" started-at="2024-12-30T00:17:41 IST" name="articles" finished-at="2024-12-30T00:17:48 IST" duration-ms="7015" status="PASS">
          <reporter-output>
          </reporter-output>
        </test-method> <!-- articles -->
        <test-method is-config="true" signature="close()[pri:0, instance:ElPais.Assignment.scrapeArticles@61a88b8c]" started-at="2024-12-30T00:17:49 IST" name="close" finished-at="2024-12-30T00:17:49 IST" duration-ms="110" status="PASS">
          <reporter-output>
          </reporter-output>
        </test-method> <!-- close -->
      </class> <!-- ElPais.Assignment.scrapeArticles -->
    </test> <!-- Test -->
  </suite> <!-- Suite -->
</testng-results>
