<?xml version="1.0" encoding="UTF-8"?>
<testng-results ignored="0" total="1" passed="1" failed="0" skipped="0">
  <reporter-output>
  </reporter-output>
  <suite started-at="2024-12-30T11:44:57 IST" name="Suite" finished-at="2024-12-30T11:47:17 IST" duration-ms="140465">
    <groups>
    </groups>
    <test started-at="2024-12-30T11:44:57 IST" name="Test" finished-at="2024-12-30T11:47:17 IST" duration-ms="140465">
      <class name="ElPais.Assignment.scrapeArticles">
        <test-method is-config="true" signature="lauchApplication()[pri:0, instance:ElPais.Assignment.scrapeArticles@a486d78]" started-at="2024-12-30T11:44:57 IST" name="lauchApplication" finished-at="2024-12-30T11:46:18 IST" duration-ms="81318" status="PASS">
          <reporter-output>
          </reporter-output>
        </test-method> <!-- lauchApplication -->
        <test-method signature="articles()[pri:0, instance:ElPais.Assignment.scrapeArticles@a486d78]" started-at="2024-12-30T11:46:18 IST" name="articles" finished-at="2024-12-30T11:47:17 IST" duration-ms="59111" status="PASS">
          <reporter-output>
          </reporter-output>
        </test-method> <!-- articles -->
        <test-method is-config="true" signature="close()[pri:0, instance:ElPais.Assignment.scrapeArticles@a486d78]" started-at="2024-12-30T11:47:18 IST" name="close" finished-at="2024-12-30T11:47:18 IST" duration-ms="128" status="PASS">
          <reporter-output>
          </reporter-output>
        </test-method> <!-- close -->
      </class> <!-- ElPais.Assignment.scrapeArticles -->
    </test> <!-- Test -->
  </suite> <!-- Suite -->
</testng-results>
